生成启动时间为 2016/10/15 1:44:25。
     1>项目“D:\VSProject\CDemo\CDemo\CDemo.vcxproj”在节点 2 上(Build 个目标)。
     1>ClCompile:
         D:\vs2015_install\Microsoft Visual Studio 14.0\VC\bin\CL.exe /c /ZI /nologo /W3 /WX- /sdl /Od /Oy- /D WIN32 /D _DEBUG /D _CONSOLE /D _UNICODE /D UNICODE /Gm /EHsc /RTC1 /MDd /GS /fp:precise /Zc:wchar_t /Zc:forScope /Zc:inline /Fo"Debug\\" /Fd"Debug\vc140.pdb" /Gd /TC /analyze- /errorReport:prompt demo.c
         demo.c
     1>d:\vsproject\cdemo\cdemo\demo.c(8): warning C4013: “System”未定义；假设外部返回 int
       Link:
         D:\vs2015_install\Microsoft Visual Studio 14.0\VC\bin\link.exe /ERRORREPORT:PROMPT /OUT:"D:\VSProject\CDemo\Debug\CDemo.exe" /INCREMENTAL /NOLOGO kernel32.lib user32.lib gdi32.lib winspool.lib comdlg32.lib advapi32.lib shell32.lib ole32.lib oleaut32.lib uuid.lib odbc32.lib odbccp32.lib /MANIFEST /MANIFESTUAC:"level='asInvoker' uiAccess='false'" /manifest:embed /Debug /PDB:"D:\VSProject\CDemo\Debug\CDemo.pdb" /SUBSYSTEM:CONSOLE /TLBID:1 /DYNAMICBASE /NXCOMPAT /IMPLIB:"D:\VSProject\CDemo\Debug\CDemo.lib" /MACHINE:X86 Debug\demo.obj
     1>demo.obj : error LNK2019: 无法解析的外部符号 _System，该符号在函数 _main 中被引用
     1>D:\VSProject\CDemo\Debug\CDemo.exe : fatal error LNK1120: 1 个无法解析的外部命令
     1>已完成生成项目“D:\VSProject\CDemo\CDemo\CDemo.vcxproj”(Build 个目标)的操作 - 失败。

生成失败。

已用时间 00:00:00.34
